<?xml version="1.0" encoding="UTF-8"?>
<!-- Generated by org.testng.reporters.JUnitXMLReporter -->
<testsuite ignored="0" hostname="panther-tranglt3" failures="0" tests="3" name="Test login 1" time="29.819" errors="0" timestamp="2022-11-29T18:32:59 ICT">
  <testcase classname="com.training.demo.feature.ManageCustomer" name="TC01_Register" time="10.858"/>
  <testcase classname="com.training.demo.feature.ManageCustomer" name="TC02_Login" time="6.726"/>
  <testcase classname="com.training.demo.feature.ManageCustomer" name="TC03_NewCustomer" time="8.16"/>
</testsuite> <!-- Test login 1 -->
