<?xml version="1.0" encoding="UTF-8"?>
<!-- Generated by org.testng.reporters.JUnitXMLReporter -->
<testsuite ignored="0" hostname="DESKTOP-G0I3496" failures="0" tests="3" name="Test login 1" time="42.611" errors="0" timestamp="2022-12-04T17:55:52 ICT">
  <testcase classname="com.training.demo.feature.ManageCustomer" name="TC01_Register" time="16.086"/>
  <testcase classname="com.training.demo.feature.ManageCustomer" name="TC02_Login" time="7.645"/>
  <testcase classname="com.training.demo.feature.ManageCustomer" name="TC03_NewCustomer" time="9.88"/>
</testsuite> <!-- Test login 1 -->
