<?xml version="1.0" encoding="UTF-8"?>
<testng-results ignored="0" total="3" passed="3" failed="0" skipped="0">
  <reporter-output>
  </reporter-output>
  <suite started-at="2022-11-29T18:32:29 ICT" name="Demo Guru" finished-at="2022-11-29T18:32:59 ICT" duration-ms="29819">
    <groups>
    </groups>
    <test started-at="2022-11-29T18:32:29 ICT" name="Test login 1" finished-at="2022-11-29T18:32:59 ICT" duration-ms="29819">
      <class name="com.training.demo.feature.ManageCustomer">
        <test-method is-config="true" signature="deleteAllFilesInReportNGScreenshot()[pri:0, instance:com.training.demo.feature.ManageCustomer@5ecba515]" started-at="2022-11-29T18:32:29 ICT" name="deleteAllFilesInReportNGScreenshot" finished-at="2022-11-29T18:32:29 ICT" duration-ms="26" status="PASS">
          <reporter-output>
          </reporter-output>
        </test-method> <!-- deleteAllFilesInReportNGScreenshot -->
        <test-method is-config="true" signature="setUp()[pri:0, instance:com.training.demo.feature.ManageCustomer@5ecba515]" started-at="2022-11-29T18:32:29 ICT" name="setUp" finished-at="2022-11-29T18:32:33 ICT" depends-on-methods="com.training.demo.core.BaseTest.deleteAllFilesInReportNGScreenshot" duration-ms="3211" status="PASS">
          <reporter-output>
          </reporter-output>
        </test-method> <!-- setUp -->
        <test-method signature="TC01_Register()[pri:0, instance:com.training.demo.feature.ManageCustomer@5ecba515]" started-at="2022-11-29T18:32:33 ICT" name="TC01_Register" finished-at="2022-11-29T18:32:43 ICT" duration-ms="10858" status="PASS">
          <reporter-output>
          </reporter-output>
        </test-method> <!-- TC01_Register -->
        <test-method signature="TC02_Login()[pri:1, instance:com.training.demo.feature.ManageCustomer@5ecba515]" started-at="2022-11-29T18:32:44 ICT" name="TC02_Login" finished-at="2022-11-29T18:32:50 ICT" duration-ms="6726" status="PASS">
          <reporter-output>
          </reporter-output>
        </test-method> <!-- TC02_Login -->
        <test-method signature="TC03_NewCustomer()[pri:0, instance:com.training.demo.feature.ManageCustomer@5ecba515]" started-at="2022-11-29T18:32:50 ICT" name="TC03_NewCustomer" finished-at="2022-11-29T18:32:58 ICT" duration-ms="8160" status="PASS">
          <reporter-output>
          </reporter-output>
        </test-method> <!-- TC03_NewCustomer -->
        <test-method is-config="true" signature="tearDown()[pri:0, instance:com.training.demo.feature.ManageCustomer@5ecba515]" started-at="2022-11-29T18:32:58 ICT" name="tearDown" finished-at="2022-11-29T18:32:59 ICT" duration-ms="686" status="PASS">
          <reporter-output>
          </reporter-output>
        </test-method> <!-- tearDown -->
      </class> <!-- com.training.demo.feature.ManageCustomer -->
    </test> <!-- Test login 1 -->
  </suite> <!-- Demo Guru -->
</testng-results>
