<?xml version="1.0" encoding="UTF-8"?>
<testng-results ignored="0" total="3" passed="3" failed="0" skipped="0">
  <reporter-output>
  </reporter-output>
  <suite started-at="2022-12-04T17:55:09 ICT" name="Demo Guru" finished-at="2022-12-04T17:55:52 ICT" duration-ms="42611">
    <groups>
    </groups>
    <test started-at="2022-12-04T17:55:09 ICT" name="Test login 1" finished-at="2022-12-04T17:55:52 ICT" duration-ms="42611">
      <class name="com.training.demo.feature.ManageCustomer">
        <test-method is-config="true" signature="setUp()[pri:0, instance:com.training.demo.feature.ManageCustomer@2d7e1102]" started-at="2022-12-04T17:55:09 ICT" name="setUp" finished-at="2022-12-04T17:55:18 ICT" duration-ms="8155" status="PASS">
          <reporter-output>
          </reporter-output>
        </test-method> <!-- setUp -->
        <test-method signature="TC01_Register()[pri:0, instance:com.training.demo.feature.ManageCustomer@2d7e1102]" started-at="2022-12-04T17:55:18 ICT" name="TC01_Register" finished-at="2022-12-04T17:55:34 ICT" duration-ms="16086" status="PASS">
          <reporter-output>
          </reporter-output>
        </test-method> <!-- TC01_Register -->
        <test-method signature="TC02_Login()[pri:1, instance:com.training.demo.feature.ManageCustomer@2d7e1102]" started-at="2022-12-04T17:55:34 ICT" name="TC02_Login" finished-at="2022-12-04T17:55:42 ICT" duration-ms="7645" status="PASS">
          <reporter-output>
          </reporter-output>
        </test-method> <!-- TC02_Login -->
        <test-method signature="TC03_NewCustomer()[pri:0, instance:com.training.demo.feature.ManageCustomer@2d7e1102]" started-at="2022-12-04T17:55:42 ICT" name="TC03_NewCustomer" finished-at="2022-12-04T17:55:52 ICT" duration-ms="9880" status="PASS">
          <reporter-output>
          </reporter-output>
        </test-method> <!-- TC03_NewCustomer -->
        <test-method is-config="true" signature="tearDown()[pri:0, instance:com.training.demo.feature.ManageCustomer@2d7e1102]" started-at="2022-12-04T17:55:52 ICT" name="tearDown" finished-at="2022-12-04T17:55:52 ICT" duration-ms="437" status="PASS">
          <reporter-output>
          </reporter-output>
        </test-method> <!-- tearDown -->
      </class> <!-- com.training.demo.feature.ManageCustomer -->
    </test> <!-- Test login 1 -->
  </suite> <!-- Demo Guru -->
</testng-results>
